<?xml version="1.0" encoding="UTF-8"?>
<!-- Generated by org.testng.reporters.JUnitReportReporter -->
<testsuite hostname="HPLaptop" failures="0" tests="1" name="providerTest.AuthenticationValidTest" time="1.251" errors="0" timestamp="2024-11-14T11:12:36 IST" skipped="0">
  <testcase classname="providerTest.AuthenticationValidTest" name="authenticationValidTest" time="1.251"/>
</testsuite> <!-- providerTest.AuthenticationValidTest -->
