<?xml version="1.0" encoding="UTF-8"?>
<!-- Generated by org.testng.reporters.JUnitReportReporter -->
<testsuite hostname="HPLaptop" failures="0" tests="2" name="providerTestCases.Debit_After_Rollback_7_Test" time="1.935" errors="0" timestamp="2024-10-28T19:18:05 IST" skipped="0">
  <testcase classname="providerTestCases.Debit_After_Rollback_7_Test" name="Debit_After_Rollback_7_DebitValidTest" time="0.983"/>
  <testcase classname="providerTestCases.Debit_After_Rollback_7_Test" name="Debit_After_Rollback_7_RollbackTest" time="0.952"/>
</testsuite> <!-- providerTestCases.Debit_After_Rollback_7_Test -->
