<?xml version="1.0" encoding="UTF-8"?>
<!-- Generated by org.testng.reporters.JUnitReportReporter -->
<testsuite hostname="HPLaptop" failures="0" tests="1" name="providerTestCases.Authentication_0" time="3.589" errors="0" timestamp="2024-10-28T16:53:25 IST" skipped="0">
  <testcase classname="providerTestCases.Authentication_0" name="auth0_GetURLValidTest" time="3.589"/>
</testsuite> <!-- providerTestCases.Authentication_0 -->
