<?xml version="1.0" encoding="UTF-8"?>
<!-- Generated by org.testng.reporters.JUnitReportReporter -->
<testsuite hostname="GauthamKumarAkula" failures="0" tests="1" name="testpack.TestClass" time="0.028" errors="0" timestamp="2024-10-10T10:40:03 IST" skipped="0">
  <testcase classname="testpack.TestClass" name="sample" time="0.028"/>
</testsuite> <!-- testpack.TestClass -->
