<?xml version="1.0" encoding="UTF-8"?>
<!-- Generated by org.testng.reporters.JUnitReportReporter -->
<testsuite hostname="HPLaptop" failures="0" tests="2" name="providerTestCases.Repeated_Authentication_1_Test" time="2.431" errors="0" timestamp="2024-10-28T18:07:12 IST" skipped="0">
  <testcase classname="providerTestCases.Repeated_Authentication_1_Test" name="repeat_Auth_getURLValidTest" time="1.118"/>
  <testcase classname="providerTestCases.Repeated_Authentication_1_Test" name="repeat_Auth_AuthenticationValidTest" time="1.313"/>
</testsuite> <!-- providerTestCases.Repeated_Authentication_1_Test -->
