<?xml version="1.0" encoding="UTF-8"?>
<!-- Generated by org.testng.reporters.JUnitReportReporter -->
<testsuite hostname="HPLaptop" failures="0" tests="1" name="ezugi_api_Test.DebitAPITest" time="3.302" errors="0" timestamp="2024-10-25T15:17:52 IST" skipped="0">
  <testcase classname="ezugi_api_Test.DebitAPITest" name="debitValidTest" time="3.302"/>
</testsuite> <!-- ezugi_api_Test.DebitAPITest -->
