<?xml version="1.0" encoding="UTF-8"?>
<!-- Generated by org.testng.reporters.JUnitReportReporter -->
<testsuite hostname="HPLaptop" failures="0" tests="1" name="providerTestCases.Debit_2_Test" time="1.762" errors="0" timestamp="2024-10-28T20:01:15 IST" skipped="0">
  <testcase classname="providerTestCases.Debit_2_Test" name="debit_2_DebitValidTest" time="1.762"/>
</testsuite> <!-- providerTestCases.Debit_2_Test -->
