<?xml version="1.0" encoding="UTF-8"?>
<!-- Generated by org.testng.reporters.JUnitReportReporter -->
<testsuite hostname="HPLaptop" failures="0" tests="2" name="providerTestCases.Credit_8_Test" time="2.060" errors="0" timestamp="2024-10-28T20:01:15 IST" skipped="0">
  <testcase classname="providerTestCases.Credit_8_Test" name="Credit_8_CreditValidTest" time="0.968"/>
  <testcase classname="providerTestCases.Credit_8_Test" name="Credit_8_DebitValidTest" time="1.092"/>
</testsuite> <!-- providerTestCases.Credit_8_Test -->
