<?xml version="1.0" encoding="UTF-8"?>
<!-- Generated by org.testng.reporters.JUnitReportReporter -->
<testsuite hostname="HPLaptop" failures="0" tests="2" name="providerTestCases.Retry_For_Debit_3_Test" time="2.167" errors="0" timestamp="2024-10-28T20:01:15 IST" skipped="0">
  <testcase classname="providerTestCases.Retry_For_Debit_3_Test" name="retry_For_Debit_3_debitValidTest" time="1.044"/>
  <testcase classname="providerTestCases.Retry_For_Debit_3_Test" name="retry_For_Debit_3_debitValidTest" time="1.123"/>
</testsuite> <!-- providerTestCases.Retry_For_Debit_3_Test -->
