<?xml version="1.0" encoding="UTF-8"?>
<!-- Generated by org.testng.reporters.JUnitReportReporter -->
<testsuite hostname="HPLaptop" failures="0" tests="3" name="providerTestCases.Retry_For_Credit_9_Test" time="3.136" errors="0" timestamp="2024-10-28T19:18:05 IST" skipped="0">
  <testcase classname="providerTestCases.Retry_For_Credit_9_Test" name="Retry_For_Credit_9_CreditValidTest" time="0.984"/>
  <testcase classname="providerTestCases.Retry_For_Credit_9_Test" name="Retry_For_Credit_9_CreditValidTest" time="0.928"/>
  <testcase classname="providerTestCases.Retry_For_Credit_9_Test" name="Retry_For_Credit_9_DebitValidTest" time="1.224"/>
</testsuite> <!-- providerTestCases.Retry_For_Credit_9_Test -->
