<?xml version="1.0" encoding="UTF-8"?>
<!-- Generated by org.testng.reporters.JUnitReportReporter -->
<testsuite hostname="HPLaptop" failures="0" tests="2" name="providerTestCases.Rollback_4_Test" time="3.591" errors="0" timestamp="2024-10-28T19:18:05 IST" skipped="0">
  <testcase classname="providerTestCases.Rollback_4_Test" name="rollback_4_RollbackTest" time="2.343"/>
  <testcase classname="providerTestCases.Rollback_4_Test" name="rollback_4_DebitValidTest" time="1.248"/>
</testsuite> <!-- providerTestCases.Rollback_4_Test -->
