<?xml version="1.0" encoding="UTF-8"?>
<!-- Generated by org.testng.reporters.JUnitReportReporter -->
<testsuite hostname="HPLaptop" failures="0" tests="1" name="ezugi_api_Test.AuthenticationTest" time="4.626" errors="0" timestamp="2024-11-08T14:41:52 IST" skipped="0">
  <testcase classname="ezugi_api_Test.AuthenticationTest" name="authenticationValidTest" time="4.626"/>
</testsuite> <!-- ezugi_api_Test.AuthenticationTest -->
