<?xml version="1.0" encoding="UTF-8"?>
<!-- Generated by org.testng.reporters.JUnitReportReporter -->
<testsuite hostname="HPLaptop" failures="0" tests="2" name="providerTestCases.Retry_For_Debit_3_Test" time="2.727" errors="0" timestamp="2024-10-28T19:18:05 IST" skipped="0">
  <testcase classname="providerTestCases.Retry_For_Debit_3_Test" name="retry_For_Debit_3_debitValidTest" time="1.098"/>
  <testcase classname="providerTestCases.Retry_For_Debit_3_Test" name="retry_For_Debit_3_debitValidTest" time="1.629"/>
</testsuite> <!-- providerTestCases.Retry_For_Debit_3_Test -->
