<?xml version="1.0" encoding="UTF-8"?>
<!-- Generated by org.testng.reporters.JUnitReportReporter -->
<testsuite hostname="HPLaptop" failures="0" tests="1" name="ezugi_api_Test.GetUrlAPITest" time="5.153" errors="0" timestamp="2024-11-14T11:12:36 IST" skipped="0">
  <testcase classname="ezugi_api_Test.GetUrlAPITest" name="getURLValidTest" time="5.153"/>
</testsuite> <!-- ezugi_api_Test.GetUrlAPITest -->
