<?xml version="1.0" encoding="UTF-8"?>
<!-- Generated by org.testng.reporters.JUnitReportReporter -->
<testsuite hostname="HPLaptop" failures="0" tests="2" name="providerTestCases.Rollback_4_Test" time="3.064" errors="0" timestamp="2024-10-28T20:01:15 IST" skipped="0">
  <testcase classname="providerTestCases.Rollback_4_Test" name="rollback_4_RollbackTest" time="1.903"/>
  <testcase classname="providerTestCases.Rollback_4_Test" name="rollback_4_DebitValidTest" time="1.161"/>
</testsuite> <!-- providerTestCases.Rollback_4_Test -->
