<?xml version="1.0" encoding="UTF-8"?>
<!-- Generated by org.testng.reporters.JUnitReportReporter -->
<testsuite hostname="HPLaptop" failures="0" tests="9" name="ezugi_api_Test.DebitAPIForNegativeInputTest" time="7.717" errors="1" timestamp="2024-10-23T12:24:53 IST" skipped="0">
  <testcase classname="ezugi_api_Test.DebitAPIForNegativeInputTest" name="debitAPIWith_Invalid_EmptyString_NullPlayerId" time="0.762"/>
  <testcase classname="ezugi_api_Test.DebitAPIForNegativeInputTest" name="debitAPIWith_Invalid_EmptyString_NullPlayerId" time="0.815"/>
  <testcase classname="ezugi_api_Test.DebitAPIForNegativeInputTest" name="debitAPIWith_Invalid_EmptyString_NullGameId" time="0.776"/>
  <testcase classname="ezugi_api_Test.DebitAPIForNegativeInputTest" name="debitAPIWithInvalid_EmptyString_nullTokenTest" time="0.795"/>
  <testcase classname="ezugi_api_Test.DebitAPIForNegativeInputTest" name="debitAPIWithInvalid_EmptyString_nullTokenTest" time="0.757"/>
  <testcase classname="ezugi_api_Test.DebitAPIForNegativeInputTest" name="debitAPIWith_Invalid_EmptyString_NullGameId" time="1.523">
    <error message="
[public void ezugi_api_Test.DebitAPIForNegativeInputTest.debitAPIWith_Invalid_EmptyString_NullGameId(int) throws java.security.InvalidKeyException,com.fasterxml.jackson.core.JsonProcessingException,java.security.NoSuchAlgorithmException] has no parameters defined but was found to be using a data provider (either explicitly specified or inherited from class level annotation).
Data provider mismatch
Method: debitAPIWith_Invalid_EmptyString_NullGameId([int arg0])
Arguments: [(java.lang.Long) 37]" type="org.testng.internal.reflect.MethodMatcherException">
      <![CDATA[org.testng.internal.reflect.MethodMatcherException: 
[public void ezugi_api_Test.DebitAPIForNegativeInputTest.debitAPIWith_Invalid_EmptyString_NullGameId(int) throws java.security.InvalidKeyException,com.fasterxml.jackson.core.JsonProcessingException,java.security.NoSuchAlgorithmException] has no parameters defined but was found to be using a data provider (either explicitly specified or inherited from class level annotation).
Data provider mismatch
Method: debitAPIWith_Invalid_EmptyString_NullGameId([int arg0])
Arguments: [(java.lang.Long) 37]
at org.testng.internal.reflect.DataProviderMethodMatcher.getConformingArguments(DataProviderMethodMatcher.java:46)
at org.testng.internal.Parameters.injectParameters(Parameters.java:915)
at org.testng.internal.invokers.MethodRunner.runInSequence(MethodRunner.java:50)
at org.testng.internal.invokers.TestInvoker$MethodInvocationAgent.invoke(TestInvoker.java:992)
at org.testng.internal.invokers.TestInvoker.invokeTestMethods(TestInvoker.java:203)
at org.testng.internal.invokers.TestMethodWorker.invokeTestMethods(TestMethodWorker.java:154)
at org.testng.internal.invokers.TestMethodWorker.run(TestMethodWorker.java:134)
at java.base/java.util.ArrayList.forEach(ArrayList.java:1597)
at org.testng.TestRunner.privateRun(TestRunner.java:739)
at org.testng.TestRunner.run(TestRunner.java:614)
at org.testng.SuiteRunner.runTest(SuiteRunner.java:421)
at org.testng.SuiteRunner.runSequentially(SuiteRunner.java:413)
at org.testng.SuiteRunner.privateRun(SuiteRunner.java:373)
at org.testng.SuiteRunner.run(SuiteRunner.java:312)
at org.testng.SuiteRunnerWorker.runSuite(SuiteRunnerWorker.java:52)
at org.testng.SuiteRunnerWorker.run(SuiteRunnerWorker.java:95)
at org.testng.TestNG.runSuitesSequentially(TestNG.java:1274)
at org.testng.TestNG.runSuitesLocally(TestNG.java:1208)
at org.testng.TestNG.runSuites(TestNG.java:1112)
at org.testng.TestNG.run(TestNG.java:1079)
at org.testng.remote.AbstractRemoteTestNG.run(AbstractRemoteTestNG.java:115)
at org.testng.remote.RemoteTestNG.initAndRun(RemoteTestNG.java:293)
at org.testng.remote.RemoteTestNG.main(RemoteTestNG.java:91)
]]>
    </error>
  </testcase> <!-- debitAPIWith_Invalid_EmptyString_NullGameId -->
  <testcase classname="ezugi_api_Test.DebitAPIForNegativeInputTest" name="debitAPIWithInvalid_EmptyString_nullTokenTest" time="0.764"/>
  <testcase classname="ezugi_api_Test.DebitAPIForNegativeInputTest" name="debitAPIWith_Invalid_EmptyString_NullGameId" time="0.740"/>
  <testcase classname="ezugi_api_Test.DebitAPIForNegativeInputTest" name="debitAPIWith_Invalid_EmptyString_NullPlayerId" time="0.785"/>
</testsuite> <!-- ezugi_api_Test.DebitAPIForNegativeInputTest -->
