<?xml version="1.0" encoding="UTF-8"?>
<!-- Generated by org.testng.reporters.JUnitReportReporter -->
<testsuite hostname="HPLaptop" failures="0" tests="2" name="providerTestCases.Authentication_0_Test" time="6.402" errors="0" timestamp="2024-10-29T14:26:37 IST" skipped="0">
  <testcase classname="providerTestCases.Authentication_0_Test" name="auth0_AuthenticationValidTest" time="2.115"/>
  <testcase classname="providerTestCases.Authentication_0_Test" name="auth0_GetURLValidTest" time="4.287"/>
</testsuite> <!-- providerTestCases.Authentication_0_Test -->
