<?xml version="1.0" encoding="UTF-8"?>
<!-- Generated by org.testng.reporters.JUnitReportReporter -->
<testsuite hostname="HPLaptop" failures="0" tests="6" name="ezugi_api_Test.GetUrlAPI" time="8.370" errors="0" timestamp="2024-10-21T14:45:30 IST" skipped="0">
  <testcase classname="ezugi_api_Test.GetUrlAPI" name="getURLNullPlayerId" time="0.954"/>
  <testcase classname="ezugi_api_Test.GetUrlAPI" name="getURLNullToken" time="0.820"/>
  <testcase classname="ezugi_api_Test.GetUrlAPI" name="getURLNullOperatorId" time="1.022"/>
  <testcase classname="ezugi_api_Test.GetUrlAPI" name="getURLEmptyStringToken" time="2.488"/>
  <testcase classname="ezugi_api_Test.GetUrlAPI" name="getURLInvalidPlayerId" time="1.489"/>
  <testcase classname="ezugi_api_Test.GetUrlAPI" name="getURLValid" time="1.597"/>
</testsuite> <!-- ezugi_api_Test.GetUrlAPI -->
