<?xml version="1.0" encoding="UTF-8"?>
<!-- Generated by org.testng.reporters.JUnitReportReporter -->
<testsuite hostname="HPLaptop" failures="0" tests="2" name="providerTestCases.Rollback_4" time="2.923" errors="0" timestamp="2024-10-28T18:46:52 IST" skipped="0">
  <testcase classname="providerTestCases.Rollback_4" name="rollback_4_RollbackTest" time="1.806"/>
  <testcase classname="providerTestCases.Rollback_4" name="rollback_4_DebitValidTest" time="1.117"/>
</testsuite> <!-- providerTestCases.Rollback_4 -->
