<?xml version="1.0" encoding="UTF-8"?>
<!-- Generated by org.testng.reporters.JUnitReportReporter -->
<testsuite hostname="HPLaptop" failures="0" tests="1" name="authenticationTest.RetryAuthentication" time="1.990" errors="0" timestamp="2024-11-13T17:07:19 IST" skipped="0">
  <testcase classname="authenticationTest.RetryAuthentication" name="retryAuth" time="1.990"/>
</testsuite> <!-- authenticationTest.RetryAuthentication -->
