<?xml version="1.0" encoding="UTF-8"?>
<!-- Generated by org.testng.reporters.JUnitReportReporter -->
<testsuite hostname="HPLaptop" failures="0" tests="3" name="providerTestCases.Repeated_Authentication_1_Test" time="3.036" errors="0" timestamp="2024-10-28T20:01:15 IST" skipped="0">
  <testcase classname="providerTestCases.Repeated_Authentication_1_Test" name="repeat_Auth_1_AuthenticationValidTest" time="0.945"/>
  <testcase classname="providerTestCases.Repeated_Authentication_1_Test" name="repeat_Auth_1_getURLValidTest" time="1.022"/>
  <testcase classname="providerTestCases.Repeated_Authentication_1_Test" name="repeat_Auth_1_AuthenticationValidTest" time="1.069"/>
</testsuite> <!-- providerTestCases.Repeated_Authentication_1_Test -->
