<?xml version="1.0" encoding="UTF-8"?>
<!-- Generated by org.testng.reporters.JUnitReportReporter -->
<testsuite hostname="HPLaptop" failures="0" tests="2" name="providerTestCases.Retry_For_Rollback_5" time="2.260" errors="0" timestamp="2024-10-28T18:46:52 IST" skipped="0">
  <testcase classname="providerTestCases.Retry_For_Rollback_5" name="rollback_4_DebitValidTest" time="1.149"/>
  <testcase classname="providerTestCases.Retry_For_Rollback_5" name="rollback_4_RollbackTest" time="1.111"/>
</testsuite> <!-- providerTestCases.Retry_For_Rollback_5 -->
