<?xml version="1.0" encoding="UTF-8"?>
<!-- Generated by org.testng.reporters.JUnitReportReporter -->
<testsuite hostname="HPLaptop" failures="0" tests="1" name="testpac.EzugiTest" time="37.881" errors="0" timestamp="2024-11-08T18:33:27 IST" skipped="0">
  <testcase classname="testpac.EzugiTest" name="creditValidTest" time="37.881"/>
</testsuite> <!-- testpac.EzugiTest -->
