<?xml version="1.0" encoding="UTF-8"?>
<!-- Generated by org.testng.reporters.JUnitReportReporter -->
<testsuite hostname="HPLaptop" failures="0" tests="3" name="providerTestCases.Repeated_Authentication_1_Test" time="3.392" errors="0" timestamp="2024-10-28T19:18:05 IST" skipped="0">
  <testcase classname="providerTestCases.Repeated_Authentication_1_Test" name="repeat_Auth_1_AuthenticationValidTest" time="0.913"/>
  <testcase classname="providerTestCases.Repeated_Authentication_1_Test" name="repeat_Auth_1_getURLValidTest" time="1.215"/>
  <testcase classname="providerTestCases.Repeated_Authentication_1_Test" name="repeat_Auth_1_AuthenticationValidTest" time="1.264"/>
</testsuite> <!-- providerTestCases.Repeated_Authentication_1_Test -->
