<?xml version="1.0" encoding="UTF-8"?>
<!-- Generated by org.testng.reporters.JUnitReportReporter -->
<testsuite hostname="HPLaptop" failures="0" tests="1" name="providerTestCases.Insufficient_Funds_11_Test" time="3.287" errors="0" timestamp="2024-10-28T19:35:16 IST" skipped="0">
  <testcase classname="providerTestCases.Insufficient_Funds_11_Test" name="Insufficient_Funds_11_DebitValidTest" time="3.287"/>
</testsuite> <!-- providerTestCases.Insufficient_Funds_11_Test -->
