<?xml version="1.0" encoding="UTF-8"?>
<!-- Generated by org.testng.reporters.JUnitReportReporter -->
<testsuite hostname="HPLaptop" failures="0" tests="1" name="kiron_api_test.Balance_Api_Test" time="18.671" errors="0" timestamp="2024-10-21T12:22:30 IST" skipped="0">
  <testcase classname="kiron_api_test.Balance_Api_Test" name="balanceValid" time="18.671"/>
</testsuite> <!-- kiron_api_test.Balance_Api_Test -->
