<?xml version="1.0" encoding="UTF-8"?>
<!-- Generated by org.testng.reporters.JUnitReportReporter -->
<testsuite hostname="HPLaptop" failures="0" tests="3" name="providerTestCases.Retry_For_Credit_9_Test" time="3.056" errors="0" timestamp="2024-10-28T20:01:15 IST" skipped="0">
  <testcase classname="providerTestCases.Retry_For_Credit_9_Test" name="Retry_For_Credit_9_CreditValidTest" time="0.978"/>
  <testcase classname="providerTestCases.Retry_For_Credit_9_Test" name="Retry_For_Credit_9_CreditValidTest" time="0.951"/>
  <testcase classname="providerTestCases.Retry_For_Credit_9_Test" name="Retry_For_Credit_9_DebitValidTest" time="1.127"/>
</testsuite> <!-- providerTestCases.Retry_For_Credit_9_Test -->
