<?xml version="1.0" encoding="UTF-8"?>
<!-- Generated by org.testng.reporters.JUnitReportReporter -->
<testsuite hostname="HPLaptop" failures="0" tests="2" name="providerTestCases.Retry_For_Debit_3" time="2.196" errors="0" timestamp="2024-10-28T18:46:52 IST" skipped="0">
  <testcase classname="providerTestCases.Retry_For_Debit_3" name="retry_for_debit_debitValidTest" time="1.001"/>
  <testcase classname="providerTestCases.Retry_For_Debit_3" name="retry_for_debit_debitValidTest" time="1.195"/>
</testsuite> <!-- providerTestCases.Retry_For_Debit_3 -->
