<?xml version="1.0" encoding="UTF-8"?>
<!-- Generated by org.testng.reporters.JUnitReportReporter -->
<testsuite hostname="HPLaptop" failures="0" tests="2" name="providerTestCases.Retry_For_Rollback_5_Test" time="5.726" errors="0" timestamp="2024-10-28T19:18:05 IST" skipped="0">
  <testcase classname="providerTestCases.Retry_For_Rollback_5_Test" name="Retry_For_Rollback_5_DebitValidTest" time="3.669"/>
  <testcase classname="providerTestCases.Retry_For_Rollback_5_Test" name="Retry_For_Rollback_5_RollbackTest" time="2.057"/>
</testsuite> <!-- providerTestCases.Retry_For_Rollback_5_Test -->
