<?xml version="1.0" encoding="UTF-8"?>
<!-- Generated by org.testng.reporters.JUnitReportReporter -->
<testsuite hostname="HPLaptop" failures="0" tests="1" name="providerTestCases.Rollback_Before_Debit_6_Test" time="0.999" errors="0" timestamp="2024-10-28T19:18:05 IST" skipped="0">
  <testcase classname="providerTestCases.Rollback_Before_Debit_6_Test" name="Rollback_Before_Debit_6_RollbackTest" time="0.999"/>
</testsuite> <!-- providerTestCases.Rollback_Before_Debit_6_Test -->
