<?xml version="1.0" encoding="UTF-8"?>
<!-- Generated by org.testng.reporters.JUnitReportReporter -->
<testsuite hostname="HPLaptop" failures="0" tests="11" name="ezugi_api_Test.GetUrlAPITest" time="43.812" errors="0" timestamp="2024-11-12T14:53:40 IST" skipped="0">
  <testcase classname="ezugi_api_Test.GetUrlAPITest" name="getURLInvalidOperatorIdTest" time="2.915"/>
  <testcase classname="ezugi_api_Test.GetUrlAPITest" name="getURLInvalidOperatorIdTest" time="3.317"/>
  <testcase classname="ezugi_api_Test.GetUrlAPITest" name="getURLInvalidOperatorIdTest" time="2.871"/>
  <testcase classname="ezugi_api_Test.GetUrlAPITest" name="getURLInvalidPlayerIdTest" time="1.789"/>
  <testcase classname="ezugi_api_Test.GetUrlAPITest" name="getURLInvalidPlayerIdTest" time="3.351"/>
  <testcase classname="ezugi_api_Test.GetUrlAPITest" name="getURLInvalidTokenTest" time="2.138"/>
  <testcase classname="ezugi_api_Test.GetUrlAPITest" name="getURLAPIMissingParametersTest" time="16.544"/>
  <testcase classname="ezugi_api_Test.GetUrlAPITest" name="getURLInvalidPlayerIdTest" time="2.977"/>
  <testcase classname="ezugi_api_Test.GetUrlAPITest" name="getURLInvalidTokenTest" time="1.483"/>
  <testcase classname="ezugi_api_Test.GetUrlAPITest" name="getURLInvalidTokenTest" time="2.895"/>
  <testcase classname="ezugi_api_Test.GetUrlAPITest" name="getURLValidTest" time="3.532"/>
</testsuite> <!-- ezugi_api_Test.GetUrlAPITest -->
