<?xml version="1.0" encoding="UTF-8"?>
<!-- Generated by org.testng.reporters.JUnitReportReporter -->
<testsuite hostname="HPLaptop" failures="0" tests="2" name="providerTestCases.Credit_With_Amount_Zero_10_Test" time="1.929" errors="0" timestamp="2024-10-28T20:01:15 IST" skipped="0">
  <testcase classname="providerTestCases.Credit_With_Amount_Zero_10_Test" name="Credit_With_Amount_Zero_10_CreditValidTest" time="0.820"/>
  <testcase classname="providerTestCases.Credit_With_Amount_Zero_10_Test" name="Credit_With_Amount_Zero_10_DebitValidTest" time="1.109"/>
</testsuite> <!-- providerTestCases.Credit_With_Amount_Zero_10_Test -->
