<?xml version="1.0" encoding="UTF-8"?>
<!-- Generated by org.testng.reporters.JUnitReportReporter -->
<testsuite hostname="HPLaptop" failures="0" tests="1" name="providerTestCases.Rollback_Before_Debit_6_Test" time="1.014" errors="0" timestamp="2024-10-28T20:01:15 IST" skipped="0">
  <testcase classname="providerTestCases.Rollback_Before_Debit_6_Test" name="Rollback_Before_Debit_6_RollbackTest" time="1.014"/>
</testsuite> <!-- providerTestCases.Rollback_Before_Debit_6_Test -->
