<?xml version="1.0" encoding="UTF-8"?>
<!-- Generated by org.testng.reporters.JUnitReportReporter -->
<testsuite hostname="HPLaptop" failures="0" tests="3" name="providerTestCases.Repeated_Authentication_1" time="5.282" errors="0" timestamp="2024-10-28T16:47:22 IST" skipped="0">
  <testcase classname="providerTestCases.Repeated_Authentication_1" name="authenticationValidTest" time="0.765"/>
  <testcase classname="providerTestCases.Repeated_Authentication_1" name="getURLValidTest" time="3.493"/>
  <testcase classname="providerTestCases.Repeated_Authentication_1" name="authenticationValidTest" time="1.024"/>
</testsuite> <!-- providerTestCases.Repeated_Authentication_1 -->
