<?xml version="1.0" encoding="UTF-8"?>
<!-- Generated by org.testng.reporters.JUnitReportReporter -->
<testsuite hostname="HPLaptop" failures="0" tests="1" name="kiron_api_test.Init_Api_Test" time="3.036" errors="0" timestamp="2024-10-21T12:05:02 IST" skipped="0">
  <testcase classname="kiron_api_test.Init_Api_Test" name="initValid" time="3.036"/>
</testsuite> <!-- kiron_api_test.Init_Api_Test -->
