<?xml version="1.0" encoding="UTF-8"?>
<!-- Generated by org.testng.reporters.JUnitReportReporter -->
<testsuite hostname="HPLaptop" failures="0" tests="1" name="testpack.Init" time="0.080" errors="0" timestamp="2024-10-14T10:44:39 IST" skipped="0">
  <testcase classname="testpack.Init" name="intitNeg" time="0.080"/>
</testsuite> <!-- testpack.Init -->
