<?xml version="1.0" encoding="UTF-8"?>
<!-- Generated by org.testng.reporters.JUnitReportReporter -->
<testsuite hostname="GauthamKumarAkula" failures="0" tests="1" name="testpack.BalanceTest" time="4.865" errors="0" timestamp="2024-10-09T16:36:29 IST" skipped="0">
  <testcase classname="testpack.BalanceTest" name="bal" time="4.865"/>
</testsuite> <!-- testpack.BalanceTest -->
